
> clic-world-website@1.0.0 start
> react-scripts start

(node:76988) [DEP_WEBPACK_DEV_SERVER_ON_AFTER_SETUP_MIDDLEWARE] DeprecationWarning: 'onAfterSetupMiddleware' option is deprecated. Please use the 'setupMiddlewares' option.
(Use `node --trace-deprecation ...` to show where the warning was created)
(node:76988) [DEP_WEBPACK_DEV_SERVER_ON_BEFORE_SETUP_MIDDLEWARE] DeprecationWarning: 'onBeforeSetupMiddleware' option is deprecated. Please use the 'setupMiddlewares' option.
Starting the development server...

Compiled successfully!

You can now view clic-world-website in the browser.

  Local:            http://localhost:3003/clic-world-website
  On Your Network:  http://192.168.1.64:3003/clic-world-website

Note that the development build is not optimized.
To create a production build, use npm run build.

webpack compiled successfully
Compiling...
Compiled with warnings.

[eslint] 
src/components/ClicWorldWebsite.js
  Line 26:5:  'refreshPrice' is assigned a value but never used  no-unused-vars

Search for the keywords to learn more about each warning.
To ignore, add // eslint-disable-next-line to the line before.

WARNING in [eslint] 
src/components/ClicWorldWebsite.js
  Line 26:5:  'refreshPrice' is assigned a value but never used  no-unused-vars

webpack compiled with 1 warning
Compiling...
Compiled with warnings.

[eslint] 
src/components/ClicWorldWebsite.js
  Line 26:5:  'refreshPrice' is assigned a value but never used  no-unused-vars

Search for the keywords to learn more about each warning.
To ignore, add // eslint-disable-next-line to the line before.

WARNING in [eslint] 
src/components/ClicWorldWebsite.js
  Line 26:5:  'refreshPrice' is assigned a value but never used  no-unused-vars

webpack compiled with 1 warning
Compiling...
Compiled with warnings.

[eslint] 
src/components/ClicWorldWebsite.js
  Line 26:5:  'refreshPrice' is assigned a value but never used  no-unused-vars

Search for the keywords to learn more about each warning.
To ignore, add // eslint-disable-next-line to the line before.

WARNING in [eslint] 
src/components/ClicWorldWebsite.js
  Line 26:5:  'refreshPrice' is assigned a value but never used  no-unused-vars

webpack compiled with 1 warning
Compiling...
Failed to compile.

[eslint] 
src/components/DebugInfo.js
Syntax error: Expecting Unicode escape sequence \uXXXX. (1:52) (1:52)
WARNING in [eslint] 
src/components/ClicWorldWebsite.js
  Line 15:8:  'DebugInfo' is defined but never used              no-unused-vars
  Line 27:5:  'refreshPrice' is assigned a value but never used  no-unused-vars

ERROR in ./src/components/DebugInfo.js
Module build failed (from ./node_modules/babel-loader/lib/index.js):
SyntaxError: /Users/admin/Library/Mobile Documents/com~apple~CloudDocs/ClicBrain/Clic_Website_2/src/components/DebugInfo.js: Expecting Unicode escape sequence \uXXXX. (1:52)

> 1 | import React, { useState, useEffect } from 'react';\nimport bitqueryService from '../services/BitqueryService';\nimport useClixPrice from '../hooks/useClixPrice';\n\nconst DebugInfo = () => {\n  const [envCheck, setEnvCheck] = useState({});\n  const { price, isLoading, error, isConnected } = useClixPrice();\n\n  useEffect(() => {\n    // Check environment variables\n    setEnvCheck({\n      apiKey: process.env.REACT_APP_BITQUERY_API_KEY ? 'Set' : 'Missing',\n      assetCode: process.env.REACT_APP_CLIX_ASSET_CODE || 'Not set',\n      issuer: process.env.REACT_APP_CLIX_ISSUER ? 'Set' : 'Missing',\n      currentPrice: bitqueryService.getCurrentPrice(),\n    });\n  }, []);\n\n  if (process.env.NODE_ENV !== 'development') {\n    return null;\n  }\n\n  return (\n    <div className=\"fixed bottom-4 left-4 bg-gray-900 text-white p-3 rounded-lg text-xs max-w-xs opacity-90 z-50\">\n      <div className=\"font-bold mb-2\">🐛 Debug Info</div>\n      <div>API Key: {envCheck.apiKey}</div>\n      <div>Asset: {envCheck.assetCode}</div>\n      <div>Issuer: {envCheck.issuer}</div>\n      <div>Current Price: ${price}</div>\n      <div>Loading: {isLoading ? '🔄' : '✅'}</div>\n      <div>Connected: {isConnected ? '🟢' : '🔴'}</div>\n      <div>Error: {error ? '🟡' : '✅'}</div>\n      {error && <div className=\"text-red-300 text-xs mt-1\">{error}</div>}\n    </div>\n  );\n};\n\nexport default DebugInfo;
    |                                                     ^
    at constructor (/Users/admin/Library/Mobile Documents/com~apple~CloudDocs/ClicBrain/Clic_Website_2/node_modules/@babel/parser/lib/index.js:363:19)
    at FlowParserMixin.raise (/Users/admin/Library/Mobile Documents/com~apple~CloudDocs/ClicBrain/Clic_Website_2/node_modules/@babel/parser/lib/index.js:6609:19)
    at FlowParserMixin.readWord1 (/Users/admin/Library/Mobile Documents/com~apple~CloudDocs/ClicBrain/Clic_Website_2/node_modules/@babel/parser/lib/index.js:6569:16)
    at FlowParserMixin.readWord (/Users/admin/Library/Mobile Documents/com~apple~CloudDocs/ClicBrain/Clic_Website_2/node_modules/@babel/parser/lib/index.js:6589:23)
    at FlowParserMixin.getTokenFromCode (/Users/admin/Library/Mobile Documents/com~apple~CloudDocs/ClicBrain/Clic_Website_2/node_modules/@babel/parser/lib/index.js:6308:14)
    at FlowParserMixin.getTokenFromCode (/Users/admin/Library/Mobile Documents/com~apple~CloudDocs/ClicBrain/Clic_Website_2/node_modules/@babel/parser/lib/index.js:4809:11)
    at FlowParserMixin.getTokenFromCode (/Users/admin/Library/Mobile Documents/com~apple~CloudDocs/ClicBrain/Clic_Website_2/node_modules/@babel/parser/lib/index.js:3207:13)
    at FlowParserMixin.nextToken (/Users/admin/Library/Mobile Documents/com~apple~CloudDocs/ClicBrain/Clic_Website_2/node_modules/@babel/parser/lib/index.js:5792:10)
    at FlowParserMixin.next (/Users/admin/Library/Mobile Documents/com~apple~CloudDocs/ClicBrain/Clic_Website_2/node_modules/@babel/parser/lib/index.js:5702:10)
    at FlowParserMixin.eat (/Users/admin/Library/Mobile Documents/com~apple~CloudDocs/ClicBrain/Clic_Website_2/node_modules/@babel/parser/lib/index.js:5706:12)
    at FlowParserMixin.isLineTerminator (/Users/admin/Library/Mobile Documents/com~apple~CloudDocs/ClicBrain/Clic_Website_2/node_modules/@babel/parser/lib/index.js:6902:17)
    at FlowParserMixin.semicolon (/Users/admin/Library/Mobile Documents/com~apple~CloudDocs/ClicBrain/Clic_Website_2/node_modules/@babel/parser/lib/index.js:6905:25)
    at FlowParserMixin.parseImportSourceAndAttributes (/Users/admin/Library/Mobile Documents/com~apple~CloudDocs/ClicBrain/Clic_Website_2/node_modules/@babel/parser/lib/index.js:14171:10)
    at FlowParserMixin.parseImportSpecifiersAndAfter (/Users/admin/Library/Mobile Documents/com~apple~CloudDocs/ClicBrain/Clic_Website_2/node_modules/@babel/parser/lib/index.js:14162:17)
    at FlowParserMixin.parseImport (/Users/admin/Library/Mobile Documents/com~apple~CloudDocs/ClicBrain/Clic_Website_2/node_modules/@babel/parser/lib/index.js:14153:17)
    at FlowParserMixin.parseStatementContent (/Users/admin/Library/Mobile Documents/com~apple~CloudDocs/ClicBrain/Clic_Website_2/node_modules/@babel/parser/lib/index.js:12795:27)
    at FlowParserMixin.parseStatementLike (/Users/admin/Library/Mobile Documents/com~apple~CloudDocs/ClicBrain/Clic_Website_2/node_modules/@babel/parser/lib/index.js:12685:17)
    at FlowParserMixin.parseStatementLike (/Users/admin/Library/Mobile Documents/com~apple~CloudDocs/ClicBrain/Clic_Website_2/node_modules/@babel/parser/lib/index.js:2928:24)
    at FlowParserMixin.parseModuleItem (/Users/admin/Library/Mobile Documents/com~apple~CloudDocs/ClicBrain/Clic_Website_2/node_modules/@babel/parser/lib/index.js:12662:17)
    at FlowParserMixin.parseBlockOrModuleBlockBody (/Users/admin/Library/Mobile Documents/com~apple~CloudDocs/ClicBrain/Clic_Website_2/node_modules/@babel/parser/lib/index.js:13235:36)
    at FlowParserMixin.parseBlockBody (/Users/admin/Library/Mobile Documents/com~apple~CloudDocs/ClicBrain/Clic_Website_2/node_modules/@babel/parser/lib/index.js:13228:10)
    at FlowParserMixin.parseProgram (/Users/admin/Library/Mobile Documents/com~apple~CloudDocs/ClicBrain/Clic_Website_2/node_modules/@babel/parser/lib/index.js:12541:10)
    at FlowParserMixin.parseTopLevel (/Users/admin/Library/Mobile Documents/com~apple~CloudDocs/ClicBrain/Clic_Website_2/node_modules/@babel/parser/lib/index.js:12531:25)
    at FlowParserMixin.parseTopLevel (/Users/admin/Library/Mobile Documents/com~apple~CloudDocs/ClicBrain/Clic_Website_2/node_modules/@babel/parser/lib/index.js:3697:28)
    at FlowParserMixin.parse (/Users/admin/Library/Mobile Documents/com~apple~CloudDocs/ClicBrain/Clic_Website_2/node_modules/@babel/parser/lib/index.js:14410:10)
    at parse (/Users/admin/Library/Mobile Documents/com~apple~CloudDocs/ClicBrain/Clic_Website_2/node_modules/@babel/parser/lib/index.js:14444:38)
    at parser (/Users/admin/Library/Mobile Documents/com~apple~CloudDocs/ClicBrain/Clic_Website_2/node_modules/@babel/core/lib/parser/index.js:41:34)
    at parser.next (<anonymous>)
    at normalizeFile (/Users/admin/Library/Mobile Documents/com~apple~CloudDocs/ClicBrain/Clic_Website_2/node_modules/@babel/core/lib/transformation/normalize-file.js:64:37)
    at normalizeFile.next (<anonymous>)
    at run (/Users/admin/Library/Mobile Documents/com~apple~CloudDocs/ClicBrain/Clic_Website_2/node_modules/@babel/core/lib/transformation/index.js:22:50)
    at run.next (<anonymous>)
    at transform (/Users/admin/Library/Mobile Documents/com~apple~CloudDocs/ClicBrain/Clic_Website_2/node_modules/@babel/core/lib/transform.js:22:33)
    at transform.next (<anonymous>)
    at step (/Users/admin/Library/Mobile Documents/com~apple~CloudDocs/ClicBrain/Clic_Website_2/node_modules/gensync/index.js:261:32)
    at /Users/admin/Library/Mobile Documents/com~apple~CloudDocs/ClicBrain/Clic_Website_2/node_modules/gensync/index.js:273:13
    at async.call.result.err.err (/Users/admin/Library/Mobile Documents/com~apple~CloudDocs/ClicBrain/Clic_Website_2/node_modules/gensync/index.js:223:11)

ERROR in [eslint] 
src/components/DebugInfo.js
  Line 1:52:  Parsing error: Expecting Unicode escape sequence \uXXXX. (1:52)

webpack compiled with 2 errors and 1 warning
Compiling...
Failed to compile.

[eslint] 
src/components/DebugInfo.js
Syntax error: Expecting Unicode escape sequence \uXXXX. (1:52) (1:52)
WARNING in [eslint] 
src/components/ClicWorldWebsite.js
  Line 27:5:  'refreshPrice' is assigned a value but never used  no-unused-vars

ERROR in ./src/components/DebugInfo.js
Module build failed (from ./node_modules/babel-loader/lib/index.js):
SyntaxError: /Users/admin/Library/Mobile Documents/com~apple~CloudDocs/ClicBrain/Clic_Website_2/src/components/DebugInfo.js: Expecting Unicode escape sequence \uXXXX. (1:52)

> 1 | import React, { useState, useEffect } from 'react';\nimport bitqueryService from '../services/BitqueryService';\nimport useClixPrice from '../hooks/useClixPrice';\n\nconst DebugInfo = () => {\n  const [envCheck, setEnvCheck] = useState({});\n  const { price, isLoading, error, isConnected } = useClixPrice();\n\n  useEffect(() => {\n    // Check environment variables\n    setEnvCheck({\n      apiKey: process.env.REACT_APP_BITQUERY_API_KEY ? 'Set' : 'Missing',\n      assetCode: process.env.REACT_APP_CLIX_ASSET_CODE || 'Not set',\n      issuer: process.env.REACT_APP_CLIX_ISSUER ? 'Set' : 'Missing',\n      currentPrice: bitqueryService.getCurrentPrice(),\n    });\n  }, []);\n\n  if (process.env.NODE_ENV !== 'development') {\n    return null;\n  }\n\n  return (\n    <div className=\"fixed bottom-4 left-4 bg-gray-900 text-white p-3 rounded-lg text-xs max-w-xs opacity-90 z-50\">\n      <div className=\"font-bold mb-2\">🐛 Debug Info</div>\n      <div>API Key: {envCheck.apiKey}</div>\n      <div>Asset: {envCheck.assetCode}</div>\n      <div>Issuer: {envCheck.issuer}</div>\n      <div>Current Price: ${price}</div>\n      <div>Loading: {isLoading ? '🔄' : '✅'}</div>\n      <div>Connected: {isConnected ? '🟢' : '🔴'}</div>\n      <div>Error: {error ? '🟡' : '✅'}</div>\n      {error && <div className=\"text-red-300 text-xs mt-1\">{error}</div>}\n    </div>\n  );\n};\n\nexport default DebugInfo;
    |                                                     ^
    at constructor (/Users/admin/Library/Mobile Documents/com~apple~CloudDocs/ClicBrain/Clic_Website_2/node_modules/@babel/parser/lib/index.js:363:19)
    at FlowParserMixin.raise (/Users/admin/Library/Mobile Documents/com~apple~CloudDocs/ClicBrain/Clic_Website_2/node_modules/@babel/parser/lib/index.js:6609:19)
    at FlowParserMixin.readWord1 (/Users/admin/Library/Mobile Documents/com~apple~CloudDocs/ClicBrain/Clic_Website_2/node_modules/@babel/parser/lib/index.js:6569:16)
    at FlowParserMixin.readWord (/Users/admin/Library/Mobile Documents/com~apple~CloudDocs/ClicBrain/Clic_Website_2/node_modules/@babel/parser/lib/index.js:6589:23)
    at FlowParserMixin.getTokenFromCode (/Users/admin/Library/Mobile Documents/com~apple~CloudDocs/ClicBrain/Clic_Website_2/node_modules/@babel/parser/lib/index.js:6308:14)
    at FlowParserMixin.getTokenFromCode (/Users/admin/Library/Mobile Documents/com~apple~CloudDocs/ClicBrain/Clic_Website_2/node_modules/@babel/parser/lib/index.js:4809:11)
    at FlowParserMixin.getTokenFromCode (/Users/admin/Library/Mobile Documents/com~apple~CloudDocs/ClicBrain/Clic_Website_2/node_modules/@babel/parser/lib/index.js:3207:13)
    at FlowParserMixin.nextToken (/Users/admin/Library/Mobile Documents/com~apple~CloudDocs/ClicBrain/Clic_Website_2/node_modules/@babel/parser/lib/index.js:5792:10)
    at FlowParserMixin.next (/Users/admin/Library/Mobile Documents/com~apple~CloudDocs/ClicBrain/Clic_Website_2/node_modules/@babel/parser/lib/index.js:5702:10)
    at FlowParserMixin.eat (/Users/admin/Library/Mobile Documents/com~apple~CloudDocs/ClicBrain/Clic_Website_2/node_modules/@babel/parser/lib/index.js:5706:12)
    at FlowParserMixin.isLineTerminator (/Users/admin/Library/Mobile Documents/com~apple~CloudDocs/ClicBrain/Clic_Website_2/node_modules/@babel/parser/lib/index.js:6902:17)
    at FlowParserMixin.semicolon (/Users/admin/Library/Mobile Documents/com~apple~CloudDocs/ClicBrain/Clic_Website_2/node_modules/@babel/parser/lib/index.js:6905:25)
    at FlowParserMixin.parseImportSourceAndAttributes (/Users/admin/Library/Mobile Documents/com~apple~CloudDocs/ClicBrain/Clic_Website_2/node_modules/@babel/parser/lib/index.js:14171:10)
    at FlowParserMixin.parseImportSpecifiersAndAfter (/Users/admin/Library/Mobile Documents/com~apple~CloudDocs/ClicBrain/Clic_Website_2/node_modules/@babel/parser/lib/index.js:14162:17)
    at FlowParserMixin.parseImport (/Users/admin/Library/Mobile Documents/com~apple~CloudDocs/ClicBrain/Clic_Website_2/node_modules/@babel/parser/lib/index.js:14153:17)
    at FlowParserMixin.parseStatementContent (/Users/admin/Library/Mobile Documents/com~apple~CloudDocs/ClicBrain/Clic_Website_2/node_modules/@babel/parser/lib/index.js:12795:27)
    at FlowParserMixin.parseStatementLike (/Users/admin/Library/Mobile Documents/com~apple~CloudDocs/ClicBrain/Clic_Website_2/node_modules/@babel/parser/lib/index.js:12685:17)
    at FlowParserMixin.parseStatementLike (/Users/admin/Library/Mobile Documents/com~apple~CloudDocs/ClicBrain/Clic_Website_2/node_modules/@babel/parser/lib/index.js:2928:24)
    at FlowParserMixin.parseModuleItem (/Users/admin/Library/Mobile Documents/com~apple~CloudDocs/ClicBrain/Clic_Website_2/node_modules/@babel/parser/lib/index.js:12662:17)
    at FlowParserMixin.parseBlockOrModuleBlockBody (/Users/admin/Library/Mobile Documents/com~apple~CloudDocs/ClicBrain/Clic_Website_2/node_modules/@babel/parser/lib/index.js:13235:36)
    at FlowParserMixin.parseBlockBody (/Users/admin/Library/Mobile Documents/com~apple~CloudDocs/ClicBrain/Clic_Website_2/node_modules/@babel/parser/lib/index.js:13228:10)
    at FlowParserMixin.parseProgram (/Users/admin/Library/Mobile Documents/com~apple~CloudDocs/ClicBrain/Clic_Website_2/node_modules/@babel/parser/lib/index.js:12541:10)
    at FlowParserMixin.parseTopLevel (/Users/admin/Library/Mobile Documents/com~apple~CloudDocs/ClicBrain/Clic_Website_2/node_modules/@babel/parser/lib/index.js:12531:25)
    at FlowParserMixin.parseTopLevel (/Users/admin/Library/Mobile Documents/com~apple~CloudDocs/ClicBrain/Clic_Website_2/node_modules/@babel/parser/lib/index.js:3697:28)
    at FlowParserMixin.parse (/Users/admin/Library/Mobile Documents/com~apple~CloudDocs/ClicBrain/Clic_Website_2/node_modules/@babel/parser/lib/index.js:14410:10)
    at parse (/Users/admin/Library/Mobile Documents/com~apple~CloudDocs/ClicBrain/Clic_Website_2/node_modules/@babel/parser/lib/index.js:14444:38)
    at parser (/Users/admin/Library/Mobile Documents/com~apple~CloudDocs/ClicBrain/Clic_Website_2/node_modules/@babel/core/lib/parser/index.js:41:34)
    at parser.next (<anonymous>)
    at normalizeFile (/Users/admin/Library/Mobile Documents/com~apple~CloudDocs/ClicBrain/Clic_Website_2/node_modules/@babel/core/lib/transformation/normalize-file.js:64:37)
    at normalizeFile.next (<anonymous>)
    at run (/Users/admin/Library/Mobile Documents/com~apple~CloudDocs/ClicBrain/Clic_Website_2/node_modules/@babel/core/lib/transformation/index.js:22:50)
    at run.next (<anonymous>)
    at transform (/Users/admin/Library/Mobile Documents/com~apple~CloudDocs/ClicBrain/Clic_Website_2/node_modules/@babel/core/lib/transform.js:22:33)
    at transform.next (<anonymous>)
    at step (/Users/admin/Library/Mobile Documents/com~apple~CloudDocs/ClicBrain/Clic_Website_2/node_modules/gensync/index.js:261:32)
    at /Users/admin/Library/Mobile Documents/com~apple~CloudDocs/ClicBrain/Clic_Website_2/node_modules/gensync/index.js:273:13
    at async.call.result.err.err (/Users/admin/Library/Mobile Documents/com~apple~CloudDocs/ClicBrain/Clic_Website_2/node_modules/gensync/index.js:223:11)

ERROR in [eslint] 
src/components/DebugInfo.js
  Line 1:52:  Parsing error: Expecting Unicode escape sequence \uXXXX. (1:52)

webpack compiled with 2 errors and 1 warning
Compiling...
Compiled with warnings.

[eslint] 
src/components/ClicWorldWebsite.js
  Line 27:5:  'refreshPrice' is assigned a value but never used  no-unused-vars

Search for the keywords to learn more about each warning.
To ignore, add // eslint-disable-next-line to the line before.

WARNING in [eslint] 
src/components/ClicWorldWebsite.js
  Line 27:5:  'refreshPrice' is assigned a value but never used  no-unused-vars

webpack compiled with 1 warning
Compiling...
Compiled with warnings.

[eslint] 
src/components/ClicWorldWebsite.js
  Line 27:5:  'refreshPrice' is assigned a value but never used  no-unused-vars

Search for the keywords to learn more about each warning.
To ignore, add // eslint-disable-next-line to the line before.

WARNING in [eslint] 
src/components/ClicWorldWebsite.js
  Line 27:5:  'refreshPrice' is assigned a value but never used  no-unused-vars

webpack compiled with 1 warning
Compiling...
Compiled successfully!
webpack compiled successfully
Compiling...
Compiled successfully!
webpack compiled successfully
Compiling...
Compiled successfully!
webpack compiled successfully
Compiling...
Compiled successfully!
webpack compiled successfully
Compiling...
Compiled successfully!
webpack compiled successfully
Compiling...
Compiled successfully!
webpack compiled successfully
Compiling...
Compiled successfully!
webpack compiled successfully
Compiling...
Compiled successfully!
webpack compiled successfully
Compiling...
Compiled successfully!
webpack compiled successfully
Compiling...
Compiled successfully!
webpack compiled successfully
Compiling...
Compiled successfully!
webpack compiled successfully
Compiling...
Compiled successfully!
webpack compiled successfully
Compiling...
Compiled successfully!
webpack compiled successfully
Compiling...
Compiled successfully!
webpack compiled successfully
Compiling...
Compiled successfully!
webpack compiled successfully
Compiling...
Compiled successfully!
webpack compiled successfully
Compiling...
Failed to compile.

[eslint] 
src/components/ClicWorldWebsite.js
  Line 28:7:  'useClixPrice' is not defined  no-undef

Search for the keywords to learn more about each error.
WARNING in [eslint] 
src/components/ClicWorldWebsite.js
  Line 13:8:  'useClixPriceEnhanced' is defined but never used  no-unused-vars

ERROR in [eslint] 
src/components/ClicWorldWebsite.js
  Line 28:7:  'useClixPrice' is not defined  no-undef

Search for the keywords to learn more about each error.

webpack compiled with 1 error and 1 warning
Compiling...
Compiled with warnings.

[eslint] 
src/components/ClicWorldWebsite.js
  Line 27:5:  'activeService' is assigned a value but never used  no-unused-vars
  Line 28:5:  'refreshPrice' is assigned a value but never used   no-unused-vars

Search for the keywords to learn more about each warning.
To ignore, add // eslint-disable-next-line to the line before.

WARNING in [eslint] 
src/components/ClicWorldWebsite.js
  Line 27:5:  'activeService' is assigned a value but never used  no-unused-vars
  Line 28:5:  'refreshPrice' is assigned a value but never used   no-unused-vars

webpack compiled with 1 warning
Compiling...
Compiled with warnings.

[eslint] 
src/components/ClicWorldWebsite.js
  Line 27:5:  'activeService' is assigned a value but never used  no-unused-vars
  Line 28:5:  'refreshPrice' is assigned a value but never used   no-unused-vars

Search for the keywords to learn more about each warning.
To ignore, add // eslint-disable-next-line to the line before.

WARNING in [eslint] 
src/components/ClicWorldWebsite.js
  Line 27:5:  'activeService' is assigned a value but never used  no-unused-vars
  Line 28:5:  'refreshPrice' is assigned a value but never used   no-unused-vars

webpack compiled with 1 warning
Compiling...
Compiled with warnings.

[eslint] 
src/components/ClicWorldWebsite.js
  Line 27:5:  'activeService' is assigned a value but never used  no-unused-vars
  Line 28:5:  'refreshPrice' is assigned a value but never used   no-unused-vars

src/hooks/useClixPriceEnhanced.js
  Line 158:6:  React Hook useEffect has a missing dependency: 'isLoading'. Either include it or remove the dependency array  react-hooks/exhaustive-deps

Search for the keywords to learn more about each warning.
To ignore, add // eslint-disable-next-line to the line before.

WARNING in [eslint] 
src/components/ClicWorldWebsite.js
  Line 27:5:  'activeService' is assigned a value but never used  no-unused-vars
  Line 28:5:  'refreshPrice' is assigned a value but never used   no-unused-vars

src/hooks/useClixPriceEnhanced.js
  Line 158:6:  React Hook useEffect has a missing dependency: 'isLoading'. Either include it or remove the dependency array  react-hooks/exhaustive-deps

webpack compiled with 1 warning
Compiling...
Compiled with warnings.

[eslint] 
src/components/ClicWorldWebsite.js
  Line 27:5:  'activeService' is assigned a value but never used  no-unused-vars
  Line 28:5:  'refreshPrice' is assigned a value but never used   no-unused-vars

src/hooks/useClixPriceEnhanced.js
  Line 158:6:  React Hook useEffect has a missing dependency: 'isLoading'. Either include it or remove the dependency array  react-hooks/exhaustive-deps

Search for the keywords to learn more about each warning.
To ignore, add // eslint-disable-next-line to the line before.

WARNING in [eslint] 
src/components/ClicWorldWebsite.js
  Line 27:5:  'activeService' is assigned a value but never used  no-unused-vars
  Line 28:5:  'refreshPrice' is assigned a value but never used   no-unused-vars

src/hooks/useClixPriceEnhanced.js
  Line 158:6:  React Hook useEffect has a missing dependency: 'isLoading'. Either include it or remove the dependency array  react-hooks/exhaustive-deps

webpack compiled with 1 warning
Compiling...
Compiled with warnings.

[eslint] 
src/components/ClicWorldWebsite.js
  Line 27:5:  'activeService' is assigned a value but never used  no-unused-vars
  Line 28:5:  'refreshPrice' is assigned a value but never used   no-unused-vars

src/hooks/useClixPriceEnhanced.js
  Line 158:6:  React Hook useEffect has a missing dependency: 'isLoading'. Either include it or remove the dependency array  react-hooks/exhaustive-deps

Search for the keywords to learn more about each warning.
To ignore, add // eslint-disable-next-line to the line before.

WARNING in [eslint] 
src/components/ClicWorldWebsite.js
  Line 27:5:  'activeService' is assigned a value but never used  no-unused-vars
  Line 28:5:  'refreshPrice' is assigned a value but never used   no-unused-vars

src/hooks/useClixPriceEnhanced.js
  Line 158:6:  React Hook useEffect has a missing dependency: 'isLoading'. Either include it or remove the dependency array  react-hooks/exhaustive-deps

webpack compiled with 1 warning
Compiling...
Compiled with warnings.

[eslint] 
src/components/ClicWorldWebsite.js
  Line 27:5:  'activeService' is assigned a value but never used  no-unused-vars
  Line 28:5:  'refreshPrice' is assigned a value but never used   no-unused-vars

src/hooks/useClixPriceEnhanced.js
  Line 158:6:  React Hook useEffect has a missing dependency: 'isLoading'. Either include it or remove the dependency array  react-hooks/exhaustive-deps

src/services/StellarHorizonService.js
  Line 216:3:  Duplicate name 'fetchRecentTrades'  no-dupe-class-members

Search for the keywords to learn more about each warning.
To ignore, add // eslint-disable-next-line to the line before.

WARNING in [eslint] 
src/components/ClicWorldWebsite.js
  Line 27:5:  'activeService' is assigned a value but never used  no-unused-vars
  Line 28:5:  'refreshPrice' is assigned a value but never used   no-unused-vars

src/hooks/useClixPriceEnhanced.js
  Line 158:6:  React Hook useEffect has a missing dependency: 'isLoading'. Either include it or remove the dependency array  react-hooks/exhaustive-deps

src/services/StellarHorizonService.js
  Line 216:3:  Duplicate name 'fetchRecentTrades'  no-dupe-class-members

webpack compiled with 1 warning
Compiling...
Compiled with warnings.

[eslint] 
src/components/ClicWorldWebsite.js
  Line 27:5:  'activeService' is assigned a value but never used  no-unused-vars
  Line 28:5:  'refreshPrice' is assigned a value but never used   no-unused-vars

src/hooks/useClixPriceEnhanced.js
  Line 158:6:  React Hook useEffect has a missing dependency: 'isLoading'. Either include it or remove the dependency array  react-hooks/exhaustive-deps

src/services/StellarHorizonService.js
  Line 216:3:  Duplicate name 'fetchRecentTrades'  no-dupe-class-members

Search for the keywords to learn more about each warning.
To ignore, add // eslint-disable-next-line to the line before.

WARNING in [eslint] 
src/components/ClicWorldWebsite.js
  Line 27:5:  'activeService' is assigned a value but never used  no-unused-vars
  Line 28:5:  'refreshPrice' is assigned a value but never used   no-unused-vars

src/hooks/useClixPriceEnhanced.js
  Line 158:6:  React Hook useEffect has a missing dependency: 'isLoading'. Either include it or remove the dependency array  react-hooks/exhaustive-deps

src/services/StellarHorizonService.js
  Line 216:3:  Duplicate name 'fetchRecentTrades'  no-dupe-class-members

webpack compiled with 1 warning
Compiling...
Compiled with warnings.

[eslint] 
src/components/ClicWorldWebsite.js
  Line 27:5:  'activeService' is assigned a value but never used  no-unused-vars
  Line 28:5:  'refreshPrice' is assigned a value but never used   no-unused-vars

src/hooks/useClixPriceEnhanced.js
  Line 158:6:  React Hook useEffect has a missing dependency: 'isLoading'. Either include it or remove the dependency array  react-hooks/exhaustive-deps

src/services/StellarHorizonService.js
  Line 308:3:  Duplicate name 'fetchRecentTrades'  no-dupe-class-members

Search for the keywords to learn more about each warning.
To ignore, add // eslint-disable-next-line to the line before.

WARNING in [eslint] 
src/components/ClicWorldWebsite.js
  Line 27:5:  'activeService' is assigned a value but never used  no-unused-vars
  Line 28:5:  'refreshPrice' is assigned a value but never used   no-unused-vars

src/hooks/useClixPriceEnhanced.js
  Line 158:6:  React Hook useEffect has a missing dependency: 'isLoading'. Either include it or remove the dependency array  react-hooks/exhaustive-deps

src/services/StellarHorizonService.js
  Line 308:3:  Duplicate name 'fetchRecentTrades'  no-dupe-class-members

webpack compiled with 1 warning
Compiling...
Compiled with warnings.

[eslint] 
src/components/ClicWorldWebsite.js
  Line 29:5:  'activeService' is assigned a value but never used  no-unused-vars
  Line 30:5:  'refreshPrice' is assigned a value but never used   no-unused-vars

src/hooks/useClixPriceDual.js
  Line 216:6:  React Hook useEffect has a missing dependency: 'isLoading'. Either include it or remove the dependency array  react-hooks/exhaustive-deps

src/hooks/useClixPriceEnhanced.js
  Line 158:6:  React Hook useEffect has a missing dependency: 'isLoading'. Either include it or remove the dependency array  react-hooks/exhaustive-deps

src/services/StellarHorizonService.js
  Line 308:3:  Duplicate name 'fetchRecentTrades'  no-dupe-class-members

Search for the keywords to learn more about each warning.
To ignore, add // eslint-disable-next-line to the line before.

WARNING in [eslint] 
src/components/ClicWorldWebsite.js
  Line 29:5:  'activeService' is assigned a value but never used  no-unused-vars
  Line 30:5:  'refreshPrice' is assigned a value but never used   no-unused-vars

src/hooks/useClixPriceDual.js
  Line 216:6:  React Hook useEffect has a missing dependency: 'isLoading'. Either include it or remove the dependency array  react-hooks/exhaustive-deps

src/hooks/useClixPriceEnhanced.js
  Line 158:6:  React Hook useEffect has a missing dependency: 'isLoading'. Either include it or remove the dependency array  react-hooks/exhaustive-deps

src/services/StellarHorizonService.js
  Line 308:3:  Duplicate name 'fetchRecentTrades'  no-dupe-class-members

webpack compiled with 1 warning
Compiling...
Compiled with warnings.

[eslint] 
src/components/ClicWorldWebsite.js
  Line 29:5:  'activeService' is assigned a value but never used  no-unused-vars
  Line 30:5:  'refreshPrice' is assigned a value but never used   no-unused-vars

src/hooks/useClixPriceDual.js
  Line 216:6:  React Hook useEffect has a missing dependency: 'isLoading'. Either include it or remove the dependency array  react-hooks/exhaustive-deps

src/hooks/useClixPriceEnhanced.js
  Line 158:6:  React Hook useEffect has a missing dependency: 'isLoading'. Either include it or remove the dependency array  react-hooks/exhaustive-deps

src/services/StellarHorizonService.js
  Line 308:3:  Duplicate name 'fetchRecentTrades'  no-dupe-class-members

Search for the keywords to learn more about each warning.
To ignore, add // eslint-disable-next-line to the line before.

WARNING in [eslint] 
src/components/ClicWorldWebsite.js
  Line 29:5:  'activeService' is assigned a value but never used  no-unused-vars
  Line 30:5:  'refreshPrice' is assigned a value but never used   no-unused-vars

src/hooks/useClixPriceDual.js
  Line 216:6:  React Hook useEffect has a missing dependency: 'isLoading'. Either include it or remove the dependency array  react-hooks/exhaustive-deps

src/hooks/useClixPriceEnhanced.js
  Line 158:6:  React Hook useEffect has a missing dependency: 'isLoading'. Either include it or remove the dependency array  react-hooks/exhaustive-deps

src/services/StellarHorizonService.js
  Line 308:3:  Duplicate name 'fetchRecentTrades'  no-dupe-class-members

webpack compiled with 1 warning
Compiling...
Compiled with warnings.

[eslint] 
src/components/ClicWorldWebsite.js
  Line 29:5:  'activeService' is assigned a value but never used  no-unused-vars
  Line 30:5:  'refreshPrice' is assigned a value but never used   no-unused-vars

src/hooks/useClixPriceDual.js
  Line 216:6:  React Hook useEffect has a missing dependency: 'isLoading'. Either include it or remove the dependency array  react-hooks/exhaustive-deps

src/hooks/useClixPriceEnhanced.js
  Line 158:6:  React Hook useEffect has a missing dependency: 'isLoading'. Either include it or remove the dependency array  react-hooks/exhaustive-deps

src/services/StellarHorizonService.js
  Line 308:3:  Duplicate name 'fetchRecentTrades'  no-dupe-class-members

Search for the keywords to learn more about each warning.
To ignore, add // eslint-disable-next-line to the line before.

WARNING in [eslint] 
src/components/ClicWorldWebsite.js
  Line 29:5:  'activeService' is assigned a value but never used  no-unused-vars
  Line 30:5:  'refreshPrice' is assigned a value but never used   no-unused-vars

src/hooks/useClixPriceDual.js
  Line 216:6:  React Hook useEffect has a missing dependency: 'isLoading'. Either include it or remove the dependency array  react-hooks/exhaustive-deps

src/hooks/useClixPriceEnhanced.js
  Line 158:6:  React Hook useEffect has a missing dependency: 'isLoading'. Either include it or remove the dependency array  react-hooks/exhaustive-deps

src/services/StellarHorizonService.js
  Line 308:3:  Duplicate name 'fetchRecentTrades'  no-dupe-class-members

webpack compiled with 1 warning
Compiling...
Compiled with warnings.

[eslint] 
src/components/ClicWorldWebsite.js
  Line 29:5:  'activeService' is assigned a value but never used  no-unused-vars
  Line 30:5:  'refreshPrice' is assigned a value but never used   no-unused-vars

src/hooks/useClixPriceDual.js
  Line 216:6:  React Hook useEffect has a missing dependency: 'isLoading'. Either include it or remove the dependency array  react-hooks/exhaustive-deps

src/hooks/useClixPriceEnhanced.js
  Line 158:6:  React Hook useEffect has a missing dependency: 'isLoading'. Either include it or remove the dependency array  react-hooks/exhaustive-deps

src/services/StellarHorizonService.js
  Line 308:3:  Duplicate name 'fetchRecentTrades'  no-dupe-class-members

Search for the keywords to learn more about each warning.
To ignore, add // eslint-disable-next-line to the line before.

WARNING in [eslint] 
src/components/ClicWorldWebsite.js
  Line 29:5:  'activeService' is assigned a value but never used  no-unused-vars
  Line 30:5:  'refreshPrice' is assigned a value but never used   no-unused-vars

src/hooks/useClixPriceDual.js
  Line 216:6:  React Hook useEffect has a missing dependency: 'isLoading'. Either include it or remove the dependency array  react-hooks/exhaustive-deps

src/hooks/useClixPriceEnhanced.js
  Line 158:6:  React Hook useEffect has a missing dependency: 'isLoading'. Either include it or remove the dependency array  react-hooks/exhaustive-deps

src/services/StellarHorizonService.js
  Line 308:3:  Duplicate name 'fetchRecentTrades'  no-dupe-class-members

webpack compiled with 1 warning
Compiling...
Compiled with warnings.

[eslint] 
src/components/ClicWorldWebsite.js
  Line 29:5:  'activeService' is assigned a value but never used  no-unused-vars
  Line 30:5:  'refreshPrice' is assigned a value but never used   no-unused-vars

src/hooks/useClixPriceDual.js
  Line 216:6:  React Hook useEffect has a missing dependency: 'isLoading'. Either include it or remove the dependency array  react-hooks/exhaustive-deps

src/hooks/useClixPriceEnhanced.js
  Line 158:6:  React Hook useEffect has a missing dependency: 'isLoading'. Either include it or remove the dependency array  react-hooks/exhaustive-deps

src/services/StellarHorizonService.js
  Line 308:3:  Duplicate name 'fetchRecentTrades'  no-dupe-class-members

Search for the keywords to learn more about each warning.
To ignore, add // eslint-disable-next-line to the line before.

WARNING in [eslint] 
src/components/ClicWorldWebsite.js
  Line 29:5:  'activeService' is assigned a value but never used  no-unused-vars
  Line 30:5:  'refreshPrice' is assigned a value but never used   no-unused-vars

src/hooks/useClixPriceDual.js
  Line 216:6:  React Hook useEffect has a missing dependency: 'isLoading'. Either include it or remove the dependency array  react-hooks/exhaustive-deps

src/hooks/useClixPriceEnhanced.js
  Line 158:6:  React Hook useEffect has a missing dependency: 'isLoading'. Either include it or remove the dependency array  react-hooks/exhaustive-deps

src/services/StellarHorizonService.js
  Line 308:3:  Duplicate name 'fetchRecentTrades'  no-dupe-class-members

webpack compiled with 1 warning
Compiling...
Compiled with warnings.

[eslint] 
src/components/ClicWorldWebsite.js
  Line 29:5:  'activeService' is assigned a value but never used  no-unused-vars
  Line 30:5:  'refreshPrice' is assigned a value but never used   no-unused-vars

src/hooks/useClixPriceDual.js
  Line 216:6:  React Hook useEffect has a missing dependency: 'isLoading'. Either include it or remove the dependency array  react-hooks/exhaustive-deps

src/hooks/useClixPriceEnhanced.js
  Line 158:6:  React Hook useEffect has a missing dependency: 'isLoading'. Either include it or remove the dependency array  react-hooks/exhaustive-deps

src/services/StellarHorizonService.js
  Line 308:3:  Duplicate name 'fetchRecentTrades'  no-dupe-class-members

Search for the keywords to learn more about each warning.
To ignore, add // eslint-disable-next-line to the line before.

WARNING in [eslint] 
src/components/ClicWorldWebsite.js
  Line 29:5:  'activeService' is assigned a value but never used  no-unused-vars
  Line 30:5:  'refreshPrice' is assigned a value but never used   no-unused-vars

src/hooks/useClixPriceDual.js
  Line 216:6:  React Hook useEffect has a missing dependency: 'isLoading'. Either include it or remove the dependency array  react-hooks/exhaustive-deps

src/hooks/useClixPriceEnhanced.js
  Line 158:6:  React Hook useEffect has a missing dependency: 'isLoading'. Either include it or remove the dependency array  react-hooks/exhaustive-deps

src/services/StellarHorizonService.js
  Line 308:3:  Duplicate name 'fetchRecentTrades'  no-dupe-class-members

webpack compiled with 1 warning
Compiling...
Compiled with warnings.

[eslint] 
src/components/ClicWorldWebsite.js
  Line 29:5:  'activeService' is assigned a value but never used  no-unused-vars
  Line 30:5:  'refreshPrice' is assigned a value but never used   no-unused-vars

src/hooks/useClixPriceDual.js
  Line 216:6:  React Hook useEffect has a missing dependency: 'isLoading'. Either include it or remove the dependency array  react-hooks/exhaustive-deps

src/hooks/useClixPriceEnhanced.js
  Line 158:6:  React Hook useEffect has a missing dependency: 'isLoading'. Either include it or remove the dependency array  react-hooks/exhaustive-deps

Search for the keywords to learn more about each warning.
To ignore, add // eslint-disable-next-line to the line before.

WARNING in [eslint] 
src/components/ClicWorldWebsite.js
  Line 29:5:  'activeService' is assigned a value but never used  no-unused-vars
  Line 30:5:  'refreshPrice' is assigned a value but never used   no-unused-vars

src/hooks/useClixPriceDual.js
  Line 216:6:  React Hook useEffect has a missing dependency: 'isLoading'. Either include it or remove the dependency array  react-hooks/exhaustive-deps

src/hooks/useClixPriceEnhanced.js
  Line 158:6:  React Hook useEffect has a missing dependency: 'isLoading'. Either include it or remove the dependency array  react-hooks/exhaustive-deps

webpack compiled with 1 warning
Compiling...
Compiled with warnings.

[eslint] 
src/components/ClicWorldWebsite.js
  Line 29:5:  'activeService' is assigned a value but never used  no-unused-vars
  Line 30:5:  'refreshPrice' is assigned a value but never used   no-unused-vars

src/hooks/useClixPriceDual.js
  Line 216:6:  React Hook useEffect has a missing dependency: 'isLoading'. Either include it or remove the dependency array  react-hooks/exhaustive-deps

src/hooks/useClixPriceEnhanced.js
  Line 158:6:  React Hook useEffect has a missing dependency: 'isLoading'. Either include it or remove the dependency array  react-hooks/exhaustive-deps

Search for the keywords to learn more about each warning.
To ignore, add // eslint-disable-next-line to the line before.

WARNING in [eslint] 
src/components/ClicWorldWebsite.js
  Line 29:5:  'activeService' is assigned a value but never used  no-unused-vars
  Line 30:5:  'refreshPrice' is assigned a value but never used   no-unused-vars

src/hooks/useClixPriceDual.js
  Line 216:6:  React Hook useEffect has a missing dependency: 'isLoading'. Either include it or remove the dependency array  react-hooks/exhaustive-deps

src/hooks/useClixPriceEnhanced.js
  Line 158:6:  React Hook useEffect has a missing dependency: 'isLoading'. Either include it or remove the dependency array  react-hooks/exhaustive-deps

webpack compiled with 1 warning
Compiling...
Compiled with warnings.

[eslint] 
src/components/ClicWorldWebsite.js
  Line 29:5:  'activeService' is assigned a value but never used  no-unused-vars
  Line 30:5:  'refreshPrice' is assigned a value but never used   no-unused-vars

src/hooks/useClixPriceDual.js
  Line 216:6:  React Hook useEffect has a missing dependency: 'isLoading'. Either include it or remove the dependency array  react-hooks/exhaustive-deps

src/hooks/useClixPriceEnhanced.js
  Line 158:6:  React Hook useEffect has a missing dependency: 'isLoading'. Either include it or remove the dependency array  react-hooks/exhaustive-deps

Search for the keywords to learn more about each warning.
To ignore, add // eslint-disable-next-line to the line before.

WARNING in [eslint] 
src/components/ClicWorldWebsite.js
  Line 29:5:  'activeService' is assigned a value but never used  no-unused-vars
  Line 30:5:  'refreshPrice' is assigned a value but never used   no-unused-vars

src/hooks/useClixPriceDual.js
  Line 216:6:  React Hook useEffect has a missing dependency: 'isLoading'. Either include it or remove the dependency array  react-hooks/exhaustive-deps

src/hooks/useClixPriceEnhanced.js
  Line 158:6:  React Hook useEffect has a missing dependency: 'isLoading'. Either include it or remove the dependency array  react-hooks/exhaustive-deps

webpack compiled with 1 warning
Compiling...
Compiled with warnings.

[eslint] 
src/components/ClicWorldWebsite.js
  Line 29:5:  'activeService' is assigned a value but never used  no-unused-vars
  Line 30:5:  'refreshPrice' is assigned a value but never used   no-unused-vars

src/hooks/useClixPriceDual.js
  Line 216:6:  React Hook useEffect has a missing dependency: 'isLoading'. Either include it or remove the dependency array  react-hooks/exhaustive-deps

src/hooks/useClixPriceEnhanced.js
  Line 158:6:  React Hook useEffect has a missing dependency: 'isLoading'. Either include it or remove the dependency array  react-hooks/exhaustive-deps

Search for the keywords to learn more about each warning.
To ignore, add // eslint-disable-next-line to the line before.

WARNING in [eslint] 
src/components/ClicWorldWebsite.js
  Line 29:5:  'activeService' is assigned a value but never used  no-unused-vars
  Line 30:5:  'refreshPrice' is assigned a value but never used   no-unused-vars

src/hooks/useClixPriceDual.js
  Line 216:6:  React Hook useEffect has a missing dependency: 'isLoading'. Either include it or remove the dependency array  react-hooks/exhaustive-deps

src/hooks/useClixPriceEnhanced.js
  Line 158:6:  React Hook useEffect has a missing dependency: 'isLoading'. Either include it or remove the dependency array  react-hooks/exhaustive-deps

webpack compiled with 1 warning
Compiling...
Compiled with warnings.

[eslint] 
src/components/ClicWorldWebsite.js
  Line 29:5:  'activeService' is assigned a value but never used  no-unused-vars
  Line 30:5:  'refreshPrice' is assigned a value but never used   no-unused-vars

src/hooks/useClixPriceDual.js
  Line 216:6:  React Hook useEffect has a missing dependency: 'isLoading'. Either include it or remove the dependency array  react-hooks/exhaustive-deps

src/hooks/useClixPriceEnhanced.js
  Line 158:6:  React Hook useEffect has a missing dependency: 'isLoading'. Either include it or remove the dependency array  react-hooks/exhaustive-deps

Search for the keywords to learn more about each warning.
To ignore, add // eslint-disable-next-line to the line before.

WARNING in [eslint] 
src/components/ClicWorldWebsite.js
  Line 29:5:  'activeService' is assigned a value but never used  no-unused-vars
  Line 30:5:  'refreshPrice' is assigned a value but never used   no-unused-vars

src/hooks/useClixPriceDual.js
  Line 216:6:  React Hook useEffect has a missing dependency: 'isLoading'. Either include it or remove the dependency array  react-hooks/exhaustive-deps

src/hooks/useClixPriceEnhanced.js
  Line 158:6:  React Hook useEffect has a missing dependency: 'isLoading'. Either include it or remove the dependency array  react-hooks/exhaustive-deps

webpack compiled with 1 warning
Compiling...
Failed to compile.

[eslint] 
src/services/StellarHorizonService.js
  Line 180:28:  'xlmToUSD' is not defined  no-undef
  Line 181:35:  'xlmToUSD' is not defined  no-undef
  Line 182:70:  'xlmToUSD' is not defined  no-undef
  Line 193:28:  'xlmToUSD' is not defined  no-undef
  Line 194:35:  'xlmToUSD' is not defined  no-undef
  Line 195:74:  'xlmToUSD' is not defined  no-undef

Search for the keywords to learn more about each error.
WARNING in [eslint] 
src/components/ClicWorldWebsite.js
  Line 29:5:  'activeService' is assigned a value but never used  no-unused-vars
  Line 30:5:  'refreshPrice' is assigned a value but never used   no-unused-vars

src/hooks/useClixPriceDual.js
  Line 216:6:  React Hook useEffect has a missing dependency: 'isLoading'. Either include it or remove the dependency array  react-hooks/exhaustive-deps

src/hooks/useClixPriceEnhanced.js
  Line 158:6:  React Hook useEffect has a missing dependency: 'isLoading'. Either include it or remove the dependency array  react-hooks/exhaustive-deps

ERROR in [eslint] 
src/services/StellarHorizonService.js
  Line 180:28:  'xlmToUSD' is not defined  no-undef
  Line 181:35:  'xlmToUSD' is not defined  no-undef
  Line 182:70:  'xlmToUSD' is not defined  no-undef
  Line 193:28:  'xlmToUSD' is not defined  no-undef
  Line 194:35:  'xlmToUSD' is not defined  no-undef
  Line 195:74:  'xlmToUSD' is not defined  no-undef

Search for the keywords to learn more about each error.

webpack compiled with 1 error and 1 warning
Compiling...
Failed to compile.

[eslint] 
src/services/StellarHorizonService.js
  Line 180:28:  'xlmToUSD' is not defined  no-undef
  Line 181:35:  'xlmToUSD' is not defined  no-undef
  Line 182:70:  'xlmToUSD' is not defined  no-undef
  Line 193:28:  'xlmToUSD' is not defined  no-undef
  Line 194:35:  'xlmToUSD' is not defined  no-undef
  Line 195:74:  'xlmToUSD' is not defined  no-undef

Search for the keywords to learn more about each error.
WARNING in [eslint] 
src/components/ClicWorldWebsite.js
  Line 29:5:  'activeService' is assigned a value but never used  no-unused-vars
  Line 30:5:  'refreshPrice' is assigned a value but never used   no-unused-vars

src/hooks/useClixPriceDual.js
  Line 133:6:  React Hook useCallback has a missing dependency: 'xlmToUSD'. Either include it or remove the dependency array  react-hooks/exhaustive-deps
  Line 216:6:  React Hook useEffect has a missing dependency: 'isLoading'. Either include it or remove the dependency array   react-hooks/exhaustive-deps
  Line 274:6:  React Hook useCallback has a missing dependency: 'xlmToUSD'. Either include it or remove the dependency array  react-hooks/exhaustive-deps

src/hooks/useClixPriceEnhanced.js
  Line 158:6:  React Hook useEffect has a missing dependency: 'isLoading'. Either include it or remove the dependency array  react-hooks/exhaustive-deps

ERROR in [eslint] 
src/services/StellarHorizonService.js
  Line 180:28:  'xlmToUSD' is not defined  no-undef
  Line 181:35:  'xlmToUSD' is not defined  no-undef
  Line 182:70:  'xlmToUSD' is not defined  no-undef
  Line 193:28:  'xlmToUSD' is not defined  no-undef
  Line 194:35:  'xlmToUSD' is not defined  no-undef
  Line 195:74:  'xlmToUSD' is not defined  no-undef

Search for the keywords to learn more about each error.

webpack compiled with 1 error and 1 warning
Compiling...
Failed to compile.

[eslint] 
src/services/StellarHorizonService.js
  Line 180:28:  'xlmToUSD' is not defined  no-undef
  Line 181:35:  'xlmToUSD' is not defined  no-undef
  Line 182:70:  'xlmToUSD' is not defined  no-undef
  Line 193:28:  'xlmToUSD' is not defined  no-undef
  Line 194:35:  'xlmToUSD' is not defined  no-undef
  Line 195:74:  'xlmToUSD' is not defined  no-undef

Search for the keywords to learn more about each error.
WARNING in [eslint] 
src/components/ClicWorldWebsite.js
  Line 29:5:  'activeService' is assigned a value but never used  no-unused-vars
  Line 30:5:  'refreshPrice' is assigned a value but never used   no-unused-vars

src/hooks/useClixPriceDual.js
  Line 133:6:  React Hook useCallback has a missing dependency: 'xlmToUSD'. Either include it or remove the dependency array  react-hooks/exhaustive-deps
  Line 216:6:  React Hook useEffect has a missing dependency: 'isLoading'. Either include it or remove the dependency array   react-hooks/exhaustive-deps
  Line 274:6:  React Hook useCallback has a missing dependency: 'xlmToUSD'. Either include it or remove the dependency array  react-hooks/exhaustive-deps

src/hooks/useClixPriceEnhanced.js
  Line 158:6:  React Hook useEffect has a missing dependency: 'isLoading'. Either include it or remove the dependency array  react-hooks/exhaustive-deps

ERROR in [eslint] 
src/services/StellarHorizonService.js
  Line 180:28:  'xlmToUSD' is not defined  no-undef
  Line 181:35:  'xlmToUSD' is not defined  no-undef
  Line 182:70:  'xlmToUSD' is not defined  no-undef
  Line 193:28:  'xlmToUSD' is not defined  no-undef
  Line 194:35:  'xlmToUSD' is not defined  no-undef
  Line 195:74:  'xlmToUSD' is not defined  no-undef

Search for the keywords to learn more about each error.

webpack compiled with 1 error and 1 warning
Compiling...
Compiled with warnings.

[eslint] 
src/components/ClicWorldWebsite.js
  Line 29:5:  'activeService' is assigned a value but never used  no-unused-vars
  Line 30:5:  'refreshPrice' is assigned a value but never used   no-unused-vars

src/hooks/useClixPriceDual.js
  Line 133:6:  React Hook useCallback has a missing dependency: 'xlmToUSD'. Either include it or remove the dependency array  react-hooks/exhaustive-deps
  Line 216:6:  React Hook useEffect has a missing dependency: 'isLoading'. Either include it or remove the dependency array   react-hooks/exhaustive-deps
  Line 274:6:  React Hook useCallback has a missing dependency: 'xlmToUSD'. Either include it or remove the dependency array  react-hooks/exhaustive-deps

src/hooks/useClixPriceEnhanced.js
  Line 158:6:  React Hook useEffect has a missing dependency: 'isLoading'. Either include it or remove the dependency array  react-hooks/exhaustive-deps

Search for the keywords to learn more about each warning.
To ignore, add // eslint-disable-next-line to the line before.

WARNING in [eslint] 
src/components/ClicWorldWebsite.js
  Line 29:5:  'activeService' is assigned a value but never used  no-unused-vars
  Line 30:5:  'refreshPrice' is assigned a value but never used   no-unused-vars

src/hooks/useClixPriceDual.js
  Line 133:6:  React Hook useCallback has a missing dependency: 'xlmToUSD'. Either include it or remove the dependency array  react-hooks/exhaustive-deps
  Line 216:6:  React Hook useEffect has a missing dependency: 'isLoading'. Either include it or remove the dependency array   react-hooks/exhaustive-deps
  Line 274:6:  React Hook useCallback has a missing dependency: 'xlmToUSD'. Either include it or remove the dependency array  react-hooks/exhaustive-deps

src/hooks/useClixPriceEnhanced.js
  Line 158:6:  React Hook useEffect has a missing dependency: 'isLoading'. Either include it or remove the dependency array  react-hooks/exhaustive-deps

webpack compiled with 1 warning
